<?xml version="1.0" encoding="UTF-8" ?>
<testsuite tests="3" failures="0" name="testRunner.TestRunner" time="61.655" errors="1" skipped="0">
  <properties>
[...]
</properties>
  <testcase classname="Customers" name="Add a new Customer" time="28.154"/>
  <testcase classname="Customers" name="Search Customer by emailID" time="19.246"/>
  <testcase classname="Customers" name="Search Customer by name" time="14.255">
    <error message="element not interactable
  (Session info: chrome=86.0.4240.198)
Build info: version: &apos;3.141.59&apos;, revision: &apos;e82be7d358&apos;, time: &apos;2018-11-14T08:17:03&apos;
System info: host: &apos;DESKTOP-B99QOP8&apos;, ip: &apos;10.0.0.151&apos;, os.name: &apos;Windows 10&apos;, os.arch: &apos;amd64&apos;, os.version: &apos;10.0&apos;, java.version: &apos;15.0.1&apos;
Driver info: org.openqa.selenium.chrome.ChromeDriver
Capabilities {acceptInsecureCerts: false, browserName: chrome, browserVersion: 86.0.4240.198, chrome: {chromedriverVersion: 86.0.4240.22 (398b0743353ff..., userDataDir: C:\Users\Sheriff\AppData\Lo...}, goog:chromeOptions: {debuggerAddress: localhost:55303}, javascriptEnabled: true, networkConnectionEnabled: false, pageLoadStrategy: normal, platform: WINDOWS, platformName: WINDOWS, proxy: Proxy(), setWindowRect: true, strictFileInteractability: false, timeouts: {implicit: 0, pageLoad: 300000, script: 30000}, unhandledPromptBehavior: dismiss and notify, webauthn:virtualAuthenticators: true}
Session ID: 5063051dcde612abbb806acd0ec63e6f" type="org.openqa.selenium.ElementNotInteractableException">org.openqa.selenium.ElementNotInteractableException: element not interactable
  (Session info: chrome=86.0.4240.198)
Build info: version: &apos;3.141.59&apos;, revision: &apos;e82be7d358&apos;, time: &apos;2018-11-14T08:17:03&apos;
System info: host: &apos;DESKTOP-B99QOP8&apos;, ip: &apos;10.0.0.151&apos;, os.name: &apos;Windows 10&apos;, os.arch: &apos;amd64&apos;, os.version: &apos;10.0&apos;, java.version: &apos;15.0.1&apos;
Driver info: org.openqa.selenium.chrome.ChromeDriver
Capabilities {acceptInsecureCerts: false, browserName: chrome, browserVersion: 86.0.4240.198, chrome: {chromedriverVersion: 86.0.4240.22 (398b0743353ff..., userDataDir: C:\Users\Sheriff\AppData\Lo...}, goog:chromeOptions: {debuggerAddress: localhost:55303}, javascriptEnabled: true, networkConnectionEnabled: false, pageLoadStrategy: normal, platform: WINDOWS, platformName: WINDOWS, proxy: Proxy(), setWindowRect: true, strictFileInteractability: false, timeouts: {implicit: 0, pageLoad: 300000, script: 30000}, unhandledPromptBehavior: dismiss and notify, webauthn:virtualAuthenticators: true}
Session ID: 5063051dcde612abbb806acd0ec63e6f
	at java.base/jdk.internal.reflect.NativeConstructorAccessorImpl.newInstance0(Native Method)
	at java.base/jdk.internal.reflect.NativeConstructorAccessorImpl.newInstance(NativeConstructorAccessorImpl.java:64)
	at java.base/jdk.internal.reflect.DelegatingConstructorAccessorImpl.newInstance(DelegatingConstructorAccessorImpl.java:45)
	at java.base/java.lang.reflect.Constructor.newInstanceWithCaller(Constructor.java:500)
	at java.base/java.lang.reflect.Constructor.newInstance(Constructor.java:481)
	at org.openqa.selenium.remote.http.W3CHttpResponseCodec.createException(W3CHttpResponseCodec.java:187)
	at org.openqa.selenium.remote.http.W3CHttpResponseCodec.decode(W3CHttpResponseCodec.java:122)
	at org.openqa.selenium.remote.http.W3CHttpResponseCodec.decode(W3CHttpResponseCodec.java:49)
	at org.openqa.selenium.remote.HttpCommandExecutor.execute(HttpCommandExecutor.java:158)
	at org.openqa.selenium.remote.service.DriverCommandExecutor.execute(DriverCommandExecutor.java:83)
	at org.openqa.selenium.remote.RemoteWebDriver.execute(RemoteWebDriver.java:552)
	at org.openqa.selenium.remote.RemoteWebElement.execute(RemoteWebElement.java:285)
	at org.openqa.selenium.remote.RemoteWebElement.click(RemoteWebElement.java:84)
	at pageObjects.AddCustomerPage.clickOnCustomersMenuItem(AddCustomerPage.java:48)
	at stepDefinitions.Steps.click_on_customers_menu_item(Steps.java:114)
	at ✽.click on customers Menu Item(file:///C:/Users/Sheriff/eclipse-workspace/com.mylearning.cucumber/./Features/Customers.feature:32)
</error>
    <system-out>
@regression
Scenario: Search Customer by name                                        # Features/Customers.feature:30
[INFO] Please answer the following questionnaire based on your experience with WebDriverManager. Thanks a lot!
[INFO] ====&gt; http://tiny.cc/wdm-survey &lt;====
[DEBUG] Resolution chrome=86 in cache (valid until 13:43:24 17/11/2020 EST)
[INFO] Using chromedriver 86.0.4240.22 (since Chrome 86 is installed in your machine)
[DEBUG] Driver chromedriver 86.0.4240.22 found in cache
[INFO] Exporting webdriver.chrome.driver as C:\Users\Sheriff\.m2\repository\webdriver\chromedriver\win32\86.0.4240.22\chromedriver.exe
11-16-2020 16:43:47 Steps.java INFO  [main] nopCommerce 45 - Launching Browser
  Given User launch chrome browser                                       # stepDefinitions.Steps.user_launch_chrome_browser()
11-16-2020 16:43:47 Steps.java INFO  [main] nopCommerce 55 - Launching URL
  When user opens url &quot;http://admin-demo.nopcommerce.com/login&quot;          # stepDefinitions.Steps.user_opens_url(java.lang.String)
11-16-2020 16:43:51 Steps.java INFO  [main] nopCommerce 63 - Providing username and password
  And user enters email as &quot;admin@yourstore.com&quot; and password as &quot;admin&quot; # stepDefinitions.Steps.user_enters_email_as_and_password_as(java.lang.String,java.lang.String)
11-16-2020 16:43:51 Steps.java INFO  [main] nopCommerce 70 - Login started
  And click on login                                                     # stepDefinitions.Steps.click_on_login()
  Then User can view dashboard                                           # stepDefinitions.Steps.user_can_view_dashboard()
  When User click on customers Menu                                      # stepDefinitions.Steps.user_click_on_customers_menu()
  And click on customers Menu Item                                       # stepDefinitions.Steps.click_on_customers_menu_item()
      org.openqa.selenium.ElementNotInteractableException: element not interactable
  (Session info: chrome=86.0.4240.198)
Build info: version: &apos;3.141.59&apos;, revision: &apos;e82be7d358&apos;, time: &apos;2018-11-14T08:17:03&apos;
System info: host: &apos;DESKTOP-B99QOP8&apos;, ip: &apos;10.0.0.151&apos;, os.name: &apos;Windows 10&apos;, os.arch: &apos;amd64&apos;, os.version: &apos;10.0&apos;, java.version: &apos;15.0.1&apos;
Driver info: org.openqa.selenium.chrome.ChromeDriver
Capabilities {acceptInsecureCerts: false, browserName: chrome, browserVersion: 86.0.4240.198, chrome: {chromedriverVersion: 86.0.4240.22 (398b0743353ff..., userDataDir: C:\Users\Sheriff\AppData\Lo...}, goog:chromeOptions: {debuggerAddress: localhost:55303}, javascriptEnabled: true, networkConnectionEnabled: false, pageLoadStrategy: normal, platform: WINDOWS, platformName: WINDOWS, proxy: Proxy(), setWindowRect: true, strictFileInteractability: false, timeouts: {implicit: 0, pageLoad: 300000, script: 30000}, unhandledPromptBehavior: dismiss and notify, webauthn:virtualAuthenticators: true}
Session ID: 5063051dcde612abbb806acd0ec63e6f
	at java.base/jdk.internal.reflect.NativeConstructorAccessorImpl.newInstance0(Native Method)
	at java.base/jdk.internal.reflect.NativeConstructorAccessorImpl.newInstance(NativeConstructorAccessorImpl.java:64)
	at java.base/jdk.internal.reflect.DelegatingConstructorAccessorImpl.newInstance(DelegatingConstructorAccessorImpl.java:45)
	at java.base/java.lang.reflect.Constructor.newInstanceWithCaller(Constructor.java:500)
	at java.base/java.lang.reflect.Constructor.newInstance(Constructor.java:481)
	at org.openqa.selenium.remote.http.W3CHttpResponseCodec.createException(W3CHttpResponseCodec.java:187)
	at org.openqa.selenium.remote.http.W3CHttpResponseCodec.decode(W3CHttpResponseCodec.java:122)
	at org.openqa.selenium.remote.http.W3CHttpResponseCodec.decode(W3CHttpResponseCodec.java:49)
	at org.openqa.selenium.remote.HttpCommandExecutor.execute(HttpCommandExecutor.java:158)
	at org.openqa.selenium.remote.service.DriverCommandExecutor.execute(DriverCommandExecutor.java:83)
	at org.openqa.selenium.remote.RemoteWebDriver.execute(RemoteWebDriver.java:552)
	at org.openqa.selenium.remote.RemoteWebElement.execute(RemoteWebElement.java:285)
	at org.openqa.selenium.remote.RemoteWebElement.click(RemoteWebElement.java:84)
	at pageObjects.AddCustomerPage.clickOnCustomersMenuItem(AddCustomerPage.java:48)
	at stepDefinitions.Steps.click_on_customers_menu_item(Steps.java:114)
	at âœ½.click on customers Menu Item(file:///C:/Users/Sheriff/eclipse-workspace/com.mylearning.cucumber/./Features/Customers.feature:32)

  And Enter customer FirstName                                           # stepDefinitions.Steps.enter_customer_first_name()
  And Enter customer LastName                                            # stepDefinitions.Steps.enter_customer_last_name()
  When click on search button                                            # stepDefinitions.Steps.click_on_search_button()
  Then User should find Name in the search table                         # stepDefinitions.Steps.user_should_find_name_in_the_search_table()
  And close browser                                                      # stepDefinitions.Steps.close_browser()
</system-out>
    <system-err>Starting ChromeDriver 86.0.4240.22 (398b0743353ff36fb1b82468f63a3a93b4e2e89e-refs/branch-heads/4240@{#378}) on port 12502
Only local connections are allowed.
Please see https://chromedriver.chromium.org/security-considerations for suggestions on keeping ChromeDriver safe.
ChromeDriver was started successfully.
Nov 16, 2020 4:43:47 PM org.openqa.selenium.remote.ProtocolHandshake createSession
INFO: Detected dialect: W3C
</system-err>
  </testcase>
</testsuite>